INFO - 2023-05-09 01:05:20 --> Session: Class initialized using 'CodeIgniter\Session\Handlers\FileHandler' driver.
INFO - 2023-05-09 01:05:31 --> Session: Class initialized using 'CodeIgniter\Session\Handlers\FileHandler' driver.
INFO - 2023-05-09 01:05:33 --> Session: Class initialized using 'CodeIgniter\Session\Handlers\FileHandler' driver.
INFO - 2023-05-09 01:05:57 --> Session: Class initialized using 'CodeIgniter\Session\Handlers\FileHandler' driver.
INFO - 2023-05-09 01:06:06 --> Session: Class initialized using 'CodeIgniter\Session\Handlers\FileHandler' driver.
INFO - 2023-05-09 01:06:07 --> Session: Class initialized using 'CodeIgniter\Session\Handlers\FileHandler' driver.
INFO - 2023-05-09 01:07:00 --> Session: Class initialized using 'CodeIgniter\Session\Handlers\FileHandler' driver.
INFO - 2023-05-09 01:07:29 --> Session: Class initialized using 'CodeIgniter\Session\Handlers\FileHandler' driver.
INFO - 2023-05-09 01:07:30 --> Session: Class initialized using 'CodeIgniter\Session\Handlers\FileHandler' driver.
INFO - 2023-05-09 01:18:42 --> Session: Class initialized using 'CodeIgniter\Session\Handlers\FileHandler' driver.
INFO - 2023-05-09 01:18:44 --> Session: Class initialized using 'CodeIgniter\Session\Handlers\FileHandler' driver.
INFO - 2023-05-09 01:30:06 --> Session: Class initialized using 'CodeIgniter\Session\Handlers\FileHandler' driver.
INFO - 2023-05-09 01:30:14 --> Session: Class initialized using 'CodeIgniter\Session\Handlers\FileHandler' driver.
INFO - 2023-05-09 01:30:16 --> Session: Class initialized using 'CodeIgniter\Session\Handlers\FileHandler' driver.
INFO - 2023-05-09 01:30:44 --> Session: Class initialized using 'CodeIgniter\Session\Handlers\FileHandler' driver.
INFO - 2023-05-09 01:30:45 --> Session: Class initialized using 'CodeIgniter\Session\Handlers\FileHandler' driver.
INFO - 2023-05-09 01:30:50 --> Session: Class initialized using 'CodeIgniter\Session\Handlers\FileHandler' driver.
INFO - 2023-05-09 01:30:56 --> Session: Class initialized using 'CodeIgniter\Session\Handlers\FileHandler' driver.
INFO - 2023-05-09 01:31:07 --> Session: Class initialized using 'CodeIgniter\Session\Handlers\FileHandler' driver.
INFO - 2023-05-09 01:36:26 --> Session: Class initialized using 'CodeIgniter\Session\Handlers\FileHandler' driver.
INFO - 2023-05-09 01:36:29 --> Session: Class initialized using 'CodeIgniter\Session\Handlers\FileHandler' driver.
INFO - 2023-05-09 01:36:31 --> Session: Class initialized using 'CodeIgniter\Session\Handlers\FileHandler' driver.
INFO - 2023-05-09 01:40:59 --> Session: Class initialized using 'CodeIgniter\Session\Handlers\FileHandler' driver.
INFO - 2023-05-09 01:41:01 --> Session: Class initialized using 'CodeIgniter\Session\Handlers\FileHandler' driver.
INFO - 2023-05-09 01:41:06 --> Session: Class initialized using 'CodeIgniter\Session\Handlers\FileHandler' driver.
INFO - 2023-05-09 01:41:10 --> Session: Class initialized using 'CodeIgniter\Session\Handlers\FileHandler' driver.
INFO - 2023-05-09 01:55:11 --> Session: Class initialized using 'CodeIgniter\Session\Handlers\FileHandler' driver.
INFO - 2023-05-09 01:55:14 --> Session: Class initialized using 'CodeIgniter\Session\Handlers\FileHandler' driver.
INFO - 2023-05-09 01:55:16 --> Session: Class initialized using 'CodeIgniter\Session\Handlers\FileHandler' driver.
INFO - 2023-05-09 01:55:18 --> Session: Class initialized using 'CodeIgniter\Session\Handlers\FileHandler' driver.
INFO - 2023-05-09 01:55:28 --> Session: Class initialized using 'CodeIgniter\Session\Handlers\FileHandler' driver.
INFO - 2023-05-09 01:56:22 --> Session: Class initialized using 'CodeIgniter\Session\Handlers\FileHandler' driver.
INFO - 2023-05-09 01:56:24 --> Session: Class initialized using 'CodeIgniter\Session\Handlers\FileHandler' driver.
INFO - 2023-05-09 01:56:25 --> Session: Class initialized using 'CodeIgniter\Session\Handlers\FileHandler' driver.
INFO - 2023-05-09 01:56:56 --> Session: Class initialized using 'CodeIgniter\Session\Handlers\FileHandler' driver.
CRITICAL - 2023-05-09 01:56:56 --> Undefined property: stdClass::$bgrnama
in APPPATH\Controllers\Laporan.php on line 43.
 1 APPPATH\Controllers\Laporan.php(43): CodeIgniter\Debug\Exceptions->errorHandler(2, 'Undefined property: stdClass::$bgrnama', 'D:\\Projek\\WebInvetoryCI4\\app\\Controllers\\Laporan.php', 43)
 2 SYSTEMPATH\CodeIgniter.php(934): App\Controllers\Laporan->listDataDetailBarangMasuk()
 3 SYSTEMPATH\CodeIgniter.php(499): CodeIgniter\CodeIgniter->runController(Object(App\Controllers\Laporan))
 4 SYSTEMPATH\CodeIgniter.php(368): CodeIgniter\CodeIgniter->handleRequest(null, Object(Config\Cache), false)
 5 FCPATH\index.php(67): CodeIgniter\CodeIgniter->run()
 6 SYSTEMPATH\Commands\Server\rewrite.php(47): require_once('D:\\Projek\\WebInvetoryCI4\\public\\index.php')
INFO - 2023-05-09 01:57:33 --> Session: Class initialized using 'CodeIgniter\Session\Handlers\FileHandler' driver.
CRITICAL - 2023-05-09 01:57:33 --> Undefined property: stdClass::$bgrnama
in APPPATH\Controllers\Laporan.php on line 43.
 1 APPPATH\Controllers\Laporan.php(43): CodeIgniter\Debug\Exceptions->errorHandler(2, 'Undefined property: stdClass::$bgrnama', 'D:\\Projek\\WebInvetoryCI4\\app\\Controllers\\Laporan.php', 43)
 2 SYSTEMPATH\CodeIgniter.php(934): App\Controllers\Laporan->listDataDetailBarangMasuk()
 3 SYSTEMPATH\CodeIgniter.php(499): CodeIgniter\CodeIgniter->runController(Object(App\Controllers\Laporan))
 4 SYSTEMPATH\CodeIgniter.php(368): CodeIgniter\CodeIgniter->handleRequest(null, Object(Config\Cache), false)
 5 FCPATH\index.php(67): CodeIgniter\CodeIgniter->run()
 6 SYSTEMPATH\Commands\Server\rewrite.php(47): require_once('D:\\Projek\\WebInvetoryCI4\\public\\index.php')
INFO - 2023-05-09 01:58:35 --> Session: Class initialized using 'CodeIgniter\Session\Handlers\FileHandler' driver.
CRITICAL - 2023-05-09 01:58:35 --> Undefined property: stdClass::$bgrnama
in APPPATH\Controllers\Laporan.php on line 44.
 1 APPPATH\Controllers\Laporan.php(44): CodeIgniter\Debug\Exceptions->errorHandler(2, 'Undefined property: stdClass::$bgrnama', 'D:\\Projek\\WebInvetoryCI4\\app\\Controllers\\Laporan.php', 44)
 2 SYSTEMPATH\CodeIgniter.php(934): App\Controllers\Laporan->listDataDetailBarangMasuk()
 3 SYSTEMPATH\CodeIgniter.php(499): CodeIgniter\CodeIgniter->runController(Object(App\Controllers\Laporan))
 4 SYSTEMPATH\CodeIgniter.php(368): CodeIgniter\CodeIgniter->handleRequest(null, Object(Config\Cache), false)
 5 FCPATH\index.php(67): CodeIgniter\CodeIgniter->run()
 6 SYSTEMPATH\Commands\Server\rewrite.php(47): require_once('D:\\Projek\\WebInvetoryCI4\\public\\index.php')
INFO - 2023-05-09 01:59:12 --> Session: Class initialized using 'CodeIgniter\Session\Handlers\FileHandler' driver.
INFO - 2023-05-09 01:59:48 --> Session: Class initialized using 'CodeIgniter\Session\Handlers\FileHandler' driver.
INFO - 2023-05-09 02:02:24 --> Session: Class initialized using 'CodeIgniter\Session\Handlers\FileHandler' driver.
INFO - 2023-05-09 02:07:19 --> Session: Class initialized using 'CodeIgniter\Session\Handlers\FileHandler' driver.
INFO - 2023-05-09 02:08:22 --> Session: Class initialized using 'CodeIgniter\Session\Handlers\FileHandler' driver.
INFO - 2023-05-09 02:08:42 --> Session: Class initialized using 'CodeIgniter\Session\Handlers\FileHandler' driver.
INFO - 2023-05-09 02:09:02 --> Session: Class initialized using 'CodeIgniter\Session\Handlers\FileHandler' driver.
INFO - 2023-05-09 02:09:40 --> Session: Class initialized using 'CodeIgniter\Session\Handlers\FileHandler' driver.
INFO - 2023-05-09 02:13:07 --> Session: Class initialized using 'CodeIgniter\Session\Handlers\FileHandler' driver.
INFO - 2023-05-09 02:13:15 --> Session: Class initialized using 'CodeIgniter\Session\Handlers\FileHandler' driver.
INFO - 2023-05-09 02:13:34 --> Session: Class initialized using 'CodeIgniter\Session\Handlers\FileHandler' driver.
INFO - 2023-05-09 02:14:56 --> Session: Class initialized using 'CodeIgniter\Session\Handlers\FileHandler' driver.
INFO - 2023-05-09 02:14:58 --> Session: Class initialized using 'CodeIgniter\Session\Handlers\FileHandler' driver.
INFO - 2023-05-09 02:15:00 --> Session: Class initialized using 'CodeIgniter\Session\Handlers\FileHandler' driver.
INFO - 2023-05-09 02:20:56 --> Session: Class initialized using 'CodeIgniter\Session\Handlers\FileHandler' driver.
INFO - 2023-05-09 02:20:58 --> Session: Class initialized using 'CodeIgniter\Session\Handlers\FileHandler' driver.
INFO - 2023-05-09 02:21:00 --> Session: Class initialized using 'CodeIgniter\Session\Handlers\FileHandler' driver.
CRITICAL - 2023-05-09 02:21:00 --> Undefined property: stdClass::$tgl
in APPPATH\Views\laporan\grafikbarangmasuk.php on line 11.
 1 APPPATH\Views\laporan\grafikbarangmasuk.php(11): CodeIgniter\Debug\Exceptions->errorHandler(2, 'Undefined property: stdClass::$tgl', 'D:\\Projek\\WebInvetoryCI4\\app\\Views\\laporan\\grafikbarangmasuk.php', 11)
 2 SYSTEMPATH\View\View.php(213): include('D:\\Projek\\WebInvetoryCI4\\app\\Views\\laporan\\grafikbarangmasuk.php')
 3 SYSTEMPATH\View\View.php(216): CodeIgniter\View\View->CodeIgniter\View\{closure}()
 4 SYSTEMPATH\Common.php(1184): CodeIgniter\View\View->render('laporan/grafikbarangmasuk', [], true)
 5 APPPATH\Controllers\Laporan.php(181): view('laporan/grafikbarangmasuk', [...])
 6 SYSTEMPATH\CodeIgniter.php(934): App\Controllers\Laporan->tampilGrafikBarangMasuk()
 7 SYSTEMPATH\CodeIgniter.php(499): CodeIgniter\CodeIgniter->runController(Object(App\Controllers\Laporan))
 8 SYSTEMPATH\CodeIgniter.php(368): CodeIgniter\CodeIgniter->handleRequest(null, Object(Config\Cache), false)
 9 FCPATH\index.php(67): CodeIgniter\CodeIgniter->run()
10 SYSTEMPATH\Commands\Server\rewrite.php(47): require_once('D:\\Projek\\WebInvetoryCI4\\public\\index.php')
INFO - 2023-05-09 02:21:50 --> Session: Class initialized using 'CodeIgniter\Session\Handlers\FileHandler' driver.
INFO - 2023-05-09 02:22:17 --> Session: Class initialized using 'CodeIgniter\Session\Handlers\FileHandler' driver.
INFO - 2023-05-09 02:22:18 --> Session: Class initialized using 'CodeIgniter\Session\Handlers\FileHandler' driver.
INFO - 2023-05-09 02:22:20 --> Session: Class initialized using 'CodeIgniter\Session\Handlers\FileHandler' driver.
CRITICAL - 2023-05-09 02:22:20 --> Undefined property: stdClass::$tgl
in APPPATH\Views\laporan\grafikbarangmasuk.php on line 11.
 1 APPPATH\Views\laporan\grafikbarangmasuk.php(11): CodeIgniter\Debug\Exceptions->errorHandler(2, 'Undefined property: stdClass::$tgl', 'D:\\Projek\\WebInvetoryCI4\\app\\Views\\laporan\\grafikbarangmasuk.php', 11)
 2 SYSTEMPATH\View\View.php(213): include('D:\\Projek\\WebInvetoryCI4\\app\\Views\\laporan\\grafikbarangmasuk.php')
 3 SYSTEMPATH\View\View.php(216): CodeIgniter\View\View->CodeIgniter\View\{closure}()
 4 SYSTEMPATH\Common.php(1184): CodeIgniter\View\View->render('laporan/grafikbarangmasuk', [], true)
 5 APPPATH\Controllers\Laporan.php(181): view('laporan/grafikbarangmasuk', [...])
 6 SYSTEMPATH\CodeIgniter.php(934): App\Controllers\Laporan->tampilGrafikBarangMasuk()
 7 SYSTEMPATH\CodeIgniter.php(499): CodeIgniter\CodeIgniter->runController(Object(App\Controllers\Laporan))
 8 SYSTEMPATH\CodeIgniter.php(368): CodeIgniter\CodeIgniter->handleRequest(null, Object(Config\Cache), false)
 9 FCPATH\index.php(67): CodeIgniter\CodeIgniter->run()
10 SYSTEMPATH\Commands\Server\rewrite.php(47): require_once('D:\\Projek\\WebInvetoryCI4\\public\\index.php')
INFO - 2023-05-09 02:26:31 --> Session: Class initialized using 'CodeIgniter\Session\Handlers\FileHandler' driver.
INFO - 2023-05-09 02:26:33 --> Session: Class initialized using 'CodeIgniter\Session\Handlers\FileHandler' driver.
INFO - 2023-05-09 02:26:35 --> Session: Class initialized using 'CodeIgniter\Session\Handlers\FileHandler' driver.
CRITICAL - 2023-05-09 02:26:35 --> Array to string conversion
in APPPATH\Views\laporan\grafikbarangmasuk.php on line 25.
 1 APPPATH\Views\laporan\grafikbarangmasuk.php(25): CodeIgniter\Debug\Exceptions->errorHandler(2, 'Array to string conversion', 'D:\\Projek\\WebInvetoryCI4\\app\\Views\\laporan\\grafikbarangmasuk.php', 25)
 2 SYSTEMPATH\View\View.php(213): include('D:\\Projek\\WebInvetoryCI4\\app\\Views\\laporan\\grafikbarangmasuk.php')
 3 SYSTEMPATH\View\View.php(216): CodeIgniter\View\View->CodeIgniter\View\{closure}()
 4 SYSTEMPATH\Common.php(1184): CodeIgniter\View\View->render('laporan/grafikbarangmasuk', [], true)
 5 APPPATH\Controllers\Laporan.php(181): view('laporan/grafikbarangmasuk', [...])
 6 SYSTEMPATH\CodeIgniter.php(934): App\Controllers\Laporan->tampilGrafikBarangMasuk()
 7 SYSTEMPATH\CodeIgniter.php(499): CodeIgniter\CodeIgniter->runController(Object(App\Controllers\Laporan))
 8 SYSTEMPATH\CodeIgniter.php(368): CodeIgniter\CodeIgniter->handleRequest(null, Object(Config\Cache), false)
 9 FCPATH\index.php(67): CodeIgniter\CodeIgniter->run()
10 SYSTEMPATH\Commands\Server\rewrite.php(47): require_once('D:\\Projek\\WebInvetoryCI4\\public\\index.php')
INFO - 2023-05-09 02:27:19 --> Session: Class initialized using 'CodeIgniter\Session\Handlers\FileHandler' driver.
INFO - 2023-05-09 02:27:20 --> Session: Class initialized using 'CodeIgniter\Session\Handlers\FileHandler' driver.
INFO - 2023-05-09 02:27:22 --> Session: Class initialized using 'CodeIgniter\Session\Handlers\FileHandler' driver.
CRITICAL - 2023-05-09 02:27:22 --> Array to string conversion
in APPPATH\Views\laporan\grafikbarangmasuk.php on line 25.
 1 APPPATH\Views\laporan\grafikbarangmasuk.php(25): CodeIgniter\Debug\Exceptions->errorHandler(2, 'Array to string conversion', 'D:\\Projek\\WebInvetoryCI4\\app\\Views\\laporan\\grafikbarangmasuk.php', 25)
 2 SYSTEMPATH\View\View.php(213): include('D:\\Projek\\WebInvetoryCI4\\app\\Views\\laporan\\grafikbarangmasuk.php')
 3 SYSTEMPATH\View\View.php(216): CodeIgniter\View\View->CodeIgniter\View\{closure}()
 4 SYSTEMPATH\Common.php(1184): CodeIgniter\View\View->render('laporan/grafikbarangmasuk', [], true)
 5 APPPATH\Controllers\Laporan.php(181): view('laporan/grafikbarangmasuk', [...])
 6 SYSTEMPATH\CodeIgniter.php(934): App\Controllers\Laporan->tampilGrafikBarangMasuk()
 7 SYSTEMPATH\CodeIgniter.php(499): CodeIgniter\CodeIgniter->runController(Object(App\Controllers\Laporan))
 8 SYSTEMPATH\CodeIgniter.php(368): CodeIgniter\CodeIgniter->handleRequest(null, Object(Config\Cache), false)
 9 FCPATH\index.php(67): CodeIgniter\CodeIgniter->run()
10 SYSTEMPATH\Commands\Server\rewrite.php(47): require_once('D:\\Projek\\WebInvetoryCI4\\public\\index.php')
INFO - 2023-05-09 02:28:11 --> Session: Class initialized using 'CodeIgniter\Session\Handlers\FileHandler' driver.
CRITICAL - 2023-05-09 02:28:11 --> Array to string conversion
in APPPATH\Views\laporan\grafikbarangmasuk.php on line 27.
 1 APPPATH\Views\laporan\grafikbarangmasuk.php(27): CodeIgniter\Debug\Exceptions->errorHandler(2, 'Array to string conversion', 'D:\\Projek\\WebInvetoryCI4\\app\\Views\\laporan\\grafikbarangmasuk.php', 27)
 2 SYSTEMPATH\View\View.php(213): include('D:\\Projek\\WebInvetoryCI4\\app\\Views\\laporan\\grafikbarangmasuk.php')
 3 SYSTEMPATH\View\View.php(216): CodeIgniter\View\View->CodeIgniter\View\{closure}()
 4 SYSTEMPATH\Common.php(1184): CodeIgniter\View\View->render('laporan/grafikbarangmasuk', [], true)
 5 APPPATH\Controllers\Laporan.php(181): view('laporan/grafikbarangmasuk', [...])
 6 SYSTEMPATH\CodeIgniter.php(934): App\Controllers\Laporan->tampilGrafikBarangMasuk()
 7 SYSTEMPATH\CodeIgniter.php(499): CodeIgniter\CodeIgniter->runController(Object(App\Controllers\Laporan))
 8 SYSTEMPATH\CodeIgniter.php(368): CodeIgniter\CodeIgniter->handleRequest(null, Object(Config\Cache), false)
 9 FCPATH\index.php(67): CodeIgniter\CodeIgniter->run()
10 SYSTEMPATH\Commands\Server\rewrite.php(47): require_once('D:\\Projek\\WebInvetoryCI4\\public\\index.php')
INFO - 2023-05-09 02:32:23 --> Session: Class initialized using 'CodeIgniter\Session\Handlers\FileHandler' driver.
CRITICAL - 2023-05-09 02:32:23 --> Array to string conversion
in APPPATH\Views\laporan\grafikbarangmasuk.php on line 27.
 1 APPPATH\Views\laporan\grafikbarangmasuk.php(27): CodeIgniter\Debug\Exceptions->errorHandler(2, 'Array to string conversion', 'D:\\Projek\\WebInvetoryCI4\\app\\Views\\laporan\\grafikbarangmasuk.php', 27)
 2 SYSTEMPATH\View\View.php(213): include('D:\\Projek\\WebInvetoryCI4\\app\\Views\\laporan\\grafikbarangmasuk.php')
 3 SYSTEMPATH\View\View.php(216): CodeIgniter\View\View->CodeIgniter\View\{closure}()
 4 SYSTEMPATH\Common.php(1184): CodeIgniter\View\View->render('laporan/grafikbarangmasuk', [], true)
 5 APPPATH\Controllers\Laporan.php(181): view('laporan/grafikbarangmasuk', [...])
 6 SYSTEMPATH\CodeIgniter.php(934): App\Controllers\Laporan->tampilGrafikBarangMasuk()
 7 SYSTEMPATH\CodeIgniter.php(499): CodeIgniter\CodeIgniter->runController(Object(App\Controllers\Laporan))
 8 SYSTEMPATH\CodeIgniter.php(368): CodeIgniter\CodeIgniter->handleRequest(null, Object(Config\Cache), false)
 9 FCPATH\index.php(67): CodeIgniter\CodeIgniter->run()
10 SYSTEMPATH\Commands\Server\rewrite.php(47): require_once('D:\\Projek\\WebInvetoryCI4\\public\\index.php')
INFO - 2023-05-09 02:32:35 --> Session: Class initialized using 'CodeIgniter\Session\Handlers\FileHandler' driver.
CRITICAL - 2023-05-09 02:32:35 --> Array to string conversion
in APPPATH\Views\laporan\grafikbarangmasuk.php on line 27.
 1 APPPATH\Views\laporan\grafikbarangmasuk.php(27): CodeIgniter\Debug\Exceptions->errorHandler(2, 'Array to string conversion', 'D:\\Projek\\WebInvetoryCI4\\app\\Views\\laporan\\grafikbarangmasuk.php', 27)
 2 SYSTEMPATH\View\View.php(213): include('D:\\Projek\\WebInvetoryCI4\\app\\Views\\laporan\\grafikbarangmasuk.php')
 3 SYSTEMPATH\View\View.php(216): CodeIgniter\View\View->CodeIgniter\View\{closure}()
 4 SYSTEMPATH\Common.php(1184): CodeIgniter\View\View->render('laporan/grafikbarangmasuk', [], true)
 5 APPPATH\Controllers\Laporan.php(181): view('laporan/grafikbarangmasuk', [...])
 6 SYSTEMPATH\CodeIgniter.php(934): App\Controllers\Laporan->tampilGrafikBarangMasuk()
 7 SYSTEMPATH\CodeIgniter.php(499): CodeIgniter\CodeIgniter->runController(Object(App\Controllers\Laporan))
 8 SYSTEMPATH\CodeIgniter.php(368): CodeIgniter\CodeIgniter->handleRequest(null, Object(Config\Cache), false)
 9 FCPATH\index.php(67): CodeIgniter\CodeIgniter->run()
10 SYSTEMPATH\Commands\Server\rewrite.php(47): require_once('D:\\Projek\\WebInvetoryCI4\\public\\index.php')
INFO - 2023-05-09 02:33:16 --> Session: Class initialized using 'CodeIgniter\Session\Handlers\FileHandler' driver.
CRITICAL - 2023-05-09 02:33:16 --> Undefined variable $namabarang
in APPPATH\Views\laporan\grafikbarangmasuk.php on line 28.
 1 APPPATH\Views\laporan\grafikbarangmasuk.php(28): CodeIgniter\Debug\Exceptions->errorHandler(2, 'Undefined variable $namabarang', 'D:\\Projek\\WebInvetoryCI4\\app\\Views\\laporan\\grafikbarangmasuk.php', 28)
 2 SYSTEMPATH\View\View.php(213): include('D:\\Projek\\WebInvetoryCI4\\app\\Views\\laporan\\grafikbarangmasuk.php')
 3 SYSTEMPATH\View\View.php(216): CodeIgniter\View\View->CodeIgniter\View\{closure}()
 4 SYSTEMPATH\Common.php(1184): CodeIgniter\View\View->render('laporan/grafikbarangmasuk', [], true)
 5 APPPATH\Controllers\Laporan.php(181): view('laporan/grafikbarangmasuk', [...])
 6 SYSTEMPATH\CodeIgniter.php(934): App\Controllers\Laporan->tampilGrafikBarangMasuk()
 7 SYSTEMPATH\CodeIgniter.php(499): CodeIgniter\CodeIgniter->runController(Object(App\Controllers\Laporan))
 8 SYSTEMPATH\CodeIgniter.php(368): CodeIgniter\CodeIgniter->handleRequest(null, Object(Config\Cache), false)
 9 FCPATH\index.php(67): CodeIgniter\CodeIgniter->run()
10 SYSTEMPATH\Commands\Server\rewrite.php(47): require_once('D:\\Projek\\WebInvetoryCI4\\public\\index.php')
INFO - 2023-05-09 02:33:41 --> Session: Class initialized using 'CodeIgniter\Session\Handlers\FileHandler' driver.
CRITICAL - 2023-05-09 02:33:41 --> Undefined variable $qty
in APPPATH\Views\laporan\grafikbarangmasuk.php on line 33.
 1 APPPATH\Views\laporan\grafikbarangmasuk.php(33): CodeIgniter\Debug\Exceptions->errorHandler(2, 'Undefined variable $qty', 'D:\\Projek\\WebInvetoryCI4\\app\\Views\\laporan\\grafikbarangmasuk.php', 33)
 2 SYSTEMPATH\View\View.php(213): include('D:\\Projek\\WebInvetoryCI4\\app\\Views\\laporan\\grafikbarangmasuk.php')
 3 SYSTEMPATH\View\View.php(216): CodeIgniter\View\View->CodeIgniter\View\{closure}()
 4 SYSTEMPATH\Common.php(1184): CodeIgniter\View\View->render('laporan/grafikbarangmasuk', [], true)
 5 APPPATH\Controllers\Laporan.php(181): view('laporan/grafikbarangmasuk', [...])
 6 SYSTEMPATH\CodeIgniter.php(934): App\Controllers\Laporan->tampilGrafikBarangMasuk()
 7 SYSTEMPATH\CodeIgniter.php(499): CodeIgniter\CodeIgniter->runController(Object(App\Controllers\Laporan))
 8 SYSTEMPATH\CodeIgniter.php(368): CodeIgniter\CodeIgniter->handleRequest(null, Object(Config\Cache), false)
 9 FCPATH\index.php(67): CodeIgniter\CodeIgniter->run()
10 SYSTEMPATH\Commands\Server\rewrite.php(47): require_once('D:\\Projek\\WebInvetoryCI4\\public\\index.php')
INFO - 2023-05-09 02:34:23 --> Session: Class initialized using 'CodeIgniter\Session\Handlers\FileHandler' driver.
INFO - 2023-05-09 02:34:29 --> Session: Class initialized using 'CodeIgniter\Session\Handlers\FileHandler' driver.
INFO - 2023-05-09 02:34:30 --> Session: Class initialized using 'CodeIgniter\Session\Handlers\FileHandler' driver.
INFO - 2023-05-09 02:34:33 --> Session: Class initialized using 'CodeIgniter\Session\Handlers\FileHandler' driver.
INFO - 2023-05-09 02:36:38 --> Session: Class initialized using 'CodeIgniter\Session\Handlers\FileHandler' driver.
INFO - 2023-05-09 02:36:39 --> Session: Class initialized using 'CodeIgniter\Session\Handlers\FileHandler' driver.
INFO - 2023-05-09 02:36:41 --> Session: Class initialized using 'CodeIgniter\Session\Handlers\FileHandler' driver.
CRITICAL - 2023-05-09 02:36:41 --> Array to string conversion
in APPPATH\Views\laporan\grafikbarangmasuk.php on line 28.
 1 APPPATH\Views\laporan\grafikbarangmasuk.php(28): CodeIgniter\Debug\Exceptions->errorHandler(2, 'Array to string conversion', 'D:\\Projek\\WebInvetoryCI4\\app\\Views\\laporan\\grafikbarangmasuk.php', 28)
 2 SYSTEMPATH\View\View.php(213): include('D:\\Projek\\WebInvetoryCI4\\app\\Views\\laporan\\grafikbarangmasuk.php')
 3 SYSTEMPATH\View\View.php(216): CodeIgniter\View\View->CodeIgniter\View\{closure}()
 4 SYSTEMPATH\Common.php(1184): CodeIgniter\View\View->render('laporan/grafikbarangmasuk', [], true)
 5 APPPATH\Controllers\Laporan.php(181): view('laporan/grafikbarangmasuk', [...])
 6 SYSTEMPATH\CodeIgniter.php(934): App\Controllers\Laporan->tampilGrafikBarangMasuk()
 7 SYSTEMPATH\CodeIgniter.php(499): CodeIgniter\CodeIgniter->runController(Object(App\Controllers\Laporan))
 8 SYSTEMPATH\CodeIgniter.php(368): CodeIgniter\CodeIgniter->handleRequest(null, Object(Config\Cache), false)
 9 FCPATH\index.php(67): CodeIgniter\CodeIgniter->run()
10 SYSTEMPATH\Commands\Server\rewrite.php(47): require_once('D:\\Projek\\WebInvetoryCI4\\public\\index.php')
INFO - 2023-05-09 02:37:05 --> Session: Class initialized using 'CodeIgniter\Session\Handlers\FileHandler' driver.
INFO - 2023-05-09 02:37:07 --> Session: Class initialized using 'CodeIgniter\Session\Handlers\FileHandler' driver.
INFO - 2023-05-09 02:37:09 --> Session: Class initialized using 'CodeIgniter\Session\Handlers\FileHandler' driver.
CRITICAL - 2023-05-09 02:37:09 --> Array to string conversion
in APPPATH\Views\laporan\grafikbarangmasuk.php on line 27.
 1 APPPATH\Views\laporan\grafikbarangmasuk.php(27): CodeIgniter\Debug\Exceptions->errorHandler(2, 'Array to string conversion', 'D:\\Projek\\WebInvetoryCI4\\app\\Views\\laporan\\grafikbarangmasuk.php', 27)
 2 SYSTEMPATH\View\View.php(213): include('D:\\Projek\\WebInvetoryCI4\\app\\Views\\laporan\\grafikbarangmasuk.php')
 3 SYSTEMPATH\View\View.php(216): CodeIgniter\View\View->CodeIgniter\View\{closure}()
 4 SYSTEMPATH\Common.php(1184): CodeIgniter\View\View->render('laporan/grafikbarangmasuk', [], true)
 5 APPPATH\Controllers\Laporan.php(181): view('laporan/grafikbarangmasuk', [...])
 6 SYSTEMPATH\CodeIgniter.php(934): App\Controllers\Laporan->tampilGrafikBarangMasuk()
 7 SYSTEMPATH\CodeIgniter.php(499): CodeIgniter\CodeIgniter->runController(Object(App\Controllers\Laporan))
 8 SYSTEMPATH\CodeIgniter.php(368): CodeIgniter\CodeIgniter->handleRequest(null, Object(Config\Cache), false)
 9 FCPATH\index.php(67): CodeIgniter\CodeIgniter->run()
10 SYSTEMPATH\Commands\Server\rewrite.php(47): require_once('D:\\Projek\\WebInvetoryCI4\\public\\index.php')
INFO - 2023-05-09 02:39:01 --> Session: Class initialized using 'CodeIgniter\Session\Handlers\FileHandler' driver.
INFO - 2023-05-09 02:39:03 --> Session: Class initialized using 'CodeIgniter\Session\Handlers\FileHandler' driver.
INFO - 2023-05-09 02:39:05 --> Session: Class initialized using 'CodeIgniter\Session\Handlers\FileHandler' driver.
INFO - 2023-05-09 02:40:23 --> Session: Class initialized using 'CodeIgniter\Session\Handlers\FileHandler' driver.
INFO - 2023-05-09 02:40:24 --> Session: Class initialized using 'CodeIgniter\Session\Handlers\FileHandler' driver.
INFO - 2023-05-09 02:40:26 --> Session: Class initialized using 'CodeIgniter\Session\Handlers\FileHandler' driver.
INFO - 2023-05-09 02:41:41 --> Session: Class initialized using 'CodeIgniter\Session\Handlers\FileHandler' driver.
INFO - 2023-05-09 02:41:43 --> Session: Class initialized using 'CodeIgniter\Session\Handlers\FileHandler' driver.
INFO - 2023-05-09 02:41:45 --> Session: Class initialized using 'CodeIgniter\Session\Handlers\FileHandler' driver.
INFO - 2023-05-09 02:42:24 --> Session: Class initialized using 'CodeIgniter\Session\Handlers\FileHandler' driver.
INFO - 2023-05-09 02:42:25 --> Session: Class initialized using 'CodeIgniter\Session\Handlers\FileHandler' driver.
INFO - 2023-05-09 02:42:27 --> Session: Class initialized using 'CodeIgniter\Session\Handlers\FileHandler' driver.
INFO - 2023-05-09 02:45:46 --> Session: Class initialized using 'CodeIgniter\Session\Handlers\FileHandler' driver.
INFO - 2023-05-09 02:45:48 --> Session: Class initialized using 'CodeIgniter\Session\Handlers\FileHandler' driver.
INFO - 2023-05-09 02:45:50 --> Session: Class initialized using 'CodeIgniter\Session\Handlers\FileHandler' driver.
INFO - 2023-05-09 02:46:22 --> Session: Class initialized using 'CodeIgniter\Session\Handlers\FileHandler' driver.
INFO - 2023-05-09 02:46:24 --> Session: Class initialized using 'CodeIgniter\Session\Handlers\FileHandler' driver.
INFO - 2023-05-09 02:46:26 --> Session: Class initialized using 'CodeIgniter\Session\Handlers\FileHandler' driver.
INFO - 2023-05-09 02:47:04 --> Session: Class initialized using 'CodeIgniter\Session\Handlers\FileHandler' driver.
INFO - 2023-05-09 02:47:05 --> Session: Class initialized using 'CodeIgniter\Session\Handlers\FileHandler' driver.
INFO - 2023-05-09 02:47:08 --> Session: Class initialized using 'CodeIgniter\Session\Handlers\FileHandler' driver.
INFO - 2023-05-09 02:48:54 --> Session: Class initialized using 'CodeIgniter\Session\Handlers\FileHandler' driver.
INFO - 2023-05-09 02:48:56 --> Session: Class initialized using 'CodeIgniter\Session\Handlers\FileHandler' driver.
INFO - 2023-05-09 02:48:58 --> Session: Class initialized using 'CodeIgniter\Session\Handlers\FileHandler' driver.
INFO - 2023-05-09 02:49:54 --> Session: Class initialized using 'CodeIgniter\Session\Handlers\FileHandler' driver.
INFO - 2023-05-09 02:49:56 --> Session: Class initialized using 'CodeIgniter\Session\Handlers\FileHandler' driver.
INFO - 2023-05-09 02:49:58 --> Session: Class initialized using 'CodeIgniter\Session\Handlers\FileHandler' driver.
INFO - 2023-05-09 02:50:38 --> Session: Class initialized using 'CodeIgniter\Session\Handlers\FileHandler' driver.
INFO - 2023-05-09 02:52:34 --> Session: Class initialized using 'CodeIgniter\Session\Handlers\FileHandler' driver.
ERROR - 2023-05-09 02:52:34 --> mysqli_sql_exception: You have an error in your SQL syntax; check the manual that corresponds to your MariaDB server version for the right syntax to use near 'IS NULL
AND `tglfaktur` < IS NULL' at line 3 in D:\Projek\WebInvetoryCI4\system\Database\MySQLi\Connection.php:295
Stack trace:
#0 D:\Projek\WebInvetoryCI4\system\Database\MySQLi\Connection.php(295): mysqli->query('SELECT *\nFROM `...', 0)
#1 D:\Projek\WebInvetoryCI4\system\Database\BaseConnection.php(692): CodeIgniter\Database\MySQLi\Connection->execute('SELECT *\nFROM `...')
#2 D:\Projek\WebInvetoryCI4\system\Database\BaseConnection.php(606): CodeIgniter\Database\BaseConnection->simpleQuery('SELECT *\nFROM `...')
#3 D:\Projek\WebInvetoryCI4\system\Database\BaseBuilder.php(1616): CodeIgniter\Database\BaseConnection->query('SELECT *\nFROM `...', Array, false)
#4 D:\Projek\WebInvetoryCI4\system\Model.php(840): CodeIgniter\Database\BaseBuilder->get()
#5 D:\Projek\WebInvetoryCI4\app\Models\Modelbarangmasuk.php(38): CodeIgniter\Model->__call('get', Array)
#6 D:\Projek\WebInvetoryCI4\app\Controllers\Laporan.php(73): App\Models\Modelbarangmasuk->laporanPerPeriode(NULL, NULL)
#7 D:\Projek\WebInvetoryCI4\system\CodeIgniter.php(934): App\Controllers\Laporan->cetak_barang_masuk_periode()
#8 D:\Projek\WebInvetoryCI4\system\CodeIgniter.php(499): CodeIgniter\CodeIgniter->runController(Object(App\Controllers\Laporan))
#9 D:\Projek\WebInvetoryCI4\system\CodeIgniter.php(368): CodeIgniter\CodeIgniter->handleRequest(NULL, Object(Config\Cache), false)
#10 D:\Projek\WebInvetoryCI4\public\index.php(67): CodeIgniter\CodeIgniter->run()
#11 D:\Projek\WebInvetoryCI4\system\Commands\Server\rewrite.php(47): require_once('D:\\Projek\\WebIn...')
#12 {main}
CRITICAL - 2023-05-09 02:52:34 --> You have an error in your SQL syntax; check the manual that corresponds to your MariaDB server version for the right syntax to use near 'IS NULL
AND `tglfaktur` < IS NULL' at line 3
in SYSTEMPATH\Database\MySQLi\Connection.php on line 295.
 1 SYSTEMPATH\Database\MySQLi\Connection.php(295): mysqli->query('SELECT *
FROM `barangmasuk`
WHERE `tglfaktur` > IS NULL
AND `tglfaktur` < IS NULL', 0)
 2 SYSTEMPATH\Database\BaseConnection.php(692): CodeIgniter\Database\MySQLi\Connection->execute('SELECT *
FROM `barangmasuk`
WHERE `tglfaktur` > IS NULL
AND `tglfaktur` < IS NULL')
 3 SYSTEMPATH\Database\BaseConnection.php(606): CodeIgniter\Database\BaseConnection->simpleQuery('SELECT *
FROM `barangmasuk`
WHERE `tglfaktur` > IS NULL
AND `tglfaktur` < IS NULL')
 4 SYSTEMPATH\Database\BaseBuilder.php(1616): CodeIgniter\Database\BaseConnection->query('SELECT *
FROM `barangmasuk`
WHERE `tglfaktur` > IS NULL
AND `tglfaktur` < IS NULL', [], false)
 5 SYSTEMPATH\Model.php(840): CodeIgniter\Database\BaseBuilder->get()
 6 APPPATH\Models\Modelbarangmasuk.php(38): CodeIgniter\Model->__call('get', [])
 7 APPPATH\Controllers\Laporan.php(73): App\Models\Modelbarangmasuk->laporanPerPeriode(null, null)
 8 SYSTEMPATH\CodeIgniter.php(934): App\Controllers\Laporan->cetak_barang_masuk_periode()
 9 SYSTEMPATH\CodeIgniter.php(499): CodeIgniter\CodeIgniter->runController(Object(App\Controllers\Laporan))
10 SYSTEMPATH\CodeIgniter.php(368): CodeIgniter\CodeIgniter->handleRequest(null, Object(Config\Cache), false)
11 FCPATH\index.php(67): CodeIgniter\CodeIgniter->run()
12 SYSTEMPATH\Commands\Server\rewrite.php(47): require_once('D:\\Projek\\WebInvetoryCI4\\public\\index.php')
INFO - 2023-05-09 02:52:36 --> Session: Class initialized using 'CodeIgniter\Session\Handlers\FileHandler' driver.
INFO - 2023-05-09 02:52:37 --> Session: Class initialized using 'CodeIgniter\Session\Handlers\FileHandler' driver.
INFO - 2023-05-09 02:52:39 --> Session: Class initialized using 'CodeIgniter\Session\Handlers\FileHandler' driver.
INFO - 2023-05-09 02:52:45 --> Session: Class initialized using 'CodeIgniter\Session\Handlers\FileHandler' driver.
INFO - 2023-05-09 03:08:23 --> Session: Class initialized using 'CodeIgniter\Session\Handlers\FileHandler' driver.
INFO - 2023-05-09 03:08:24 --> Session: Class initialized using 'CodeIgniter\Session\Handlers\FileHandler' driver.
INFO - 2023-05-09 03:08:25 --> Session: Class initialized using 'CodeIgniter\Session\Handlers\FileHandler' driver.
INFO - 2023-05-09 03:08:25 --> Session: Class initialized using 'CodeIgniter\Session\Handlers\FileHandler' driver.
INFO - 2023-05-09 03:08:31 --> Session: Class initialized using 'CodeIgniter\Session\Handlers\FileHandler' driver.
INFO - 2023-05-09 03:08:32 --> Session: Class initialized using 'CodeIgniter\Session\Handlers\FileHandler' driver.
INFO - 2023-05-09 03:08:41 --> Session: Class initialized using 'CodeIgniter\Session\Handlers\FileHandler' driver.
ERROR - 2023-05-09 03:08:41 --> mysqli_sql_exception: You have an error in your SQL syntax; check the manual that corresponds to your MariaDB server version for the right syntax to use near 'tglfaktur >= '2023-05-01' AND tglfaktur <='2023-05-31' group by barang.brgnam...' at line 2 in D:\Projek\WebInvetoryCI4\system\Database\MySQLi\Connection.php:295
Stack trace:
#0 D:\Projek\WebInvetoryCI4\system\Database\MySQLi\Connection.php(295): mysqli->query('SELECT barang.b...', 0)
#1 D:\Projek\WebInvetoryCI4\system\Database\BaseConnection.php(692): CodeIgniter\Database\MySQLi\Connection->execute('SELECT barang.b...')
#2 D:\Projek\WebInvetoryCI4\system\Database\BaseConnection.php(606): CodeIgniter\Database\BaseConnection->simpleQuery('SELECT barang.b...')
#3 D:\Projek\WebInvetoryCI4\app\Controllers\Laporan.php(76): CodeIgniter\Database\BaseConnection->query('SELECT barang.b...')
#4 D:\Projek\WebInvetoryCI4\system\CodeIgniter.php(934): App\Controllers\Laporan->cetak_barang_masuk_periode()
#5 D:\Projek\WebInvetoryCI4\system\CodeIgniter.php(499): CodeIgniter\CodeIgniter->runController(Object(App\Controllers\Laporan))
#6 D:\Projek\WebInvetoryCI4\system\CodeIgniter.php(368): CodeIgniter\CodeIgniter->handleRequest(NULL, Object(Config\Cache), false)
#7 D:\Projek\WebInvetoryCI4\public\index.php(67): CodeIgniter\CodeIgniter->run()
#8 D:\Projek\WebInvetoryCI4\system\Commands\Server\rewrite.php(47): require_once('D:\\Projek\\WebIn...')
#9 {main}
CRITICAL - 2023-05-09 03:08:41 --> You have an error in your SQL syntax; check the manual that corresponds to your MariaDB server version for the right syntax to use near 'tglfaktur >= '2023-05-01' AND tglfaktur <='2023-05-31' group by barang.brgnam...' at line 2
in SYSTEMPATH\Database\MySQLi\Connection.php on line 295.
 1 SYSTEMPATH\Database\MySQLi\Connection.php(295): mysqli->query('SELECT barang.brgnama AS brgnama,barang.brgkode as brgkode,sum(detail_barangmasuk.detjml) as QTY FROM barangmasuk 
        LEFT JOIN detail_barangmasuk ON barangmasuk.faktur=detail_barangmasuk.detfaktur  LEFT JOIN barang on detail_barangmasuk.detbrgkode=barang.brgkode tglfaktur >= \'2023-05-01\' AND tglfaktur <=\'2023-05-31\' group by barang.brgnama,barang.brgkode ORDER BY barang.brgkode ASC', 0)
 2 SYSTEMPATH\Database\BaseConnection.php(692): CodeIgniter\Database\MySQLi\Connection->execute('SELECT barang.brgnama AS brgnama,barang.brgkode as brgkode,sum(detail_barangmasuk.detjml) as QTY FROM barangmasuk 
        LEFT JOIN detail_barangmasuk ON barangmasuk.faktur=detail_barangmasuk.detfaktur  LEFT JOIN barang on detail_barangmasuk.detbrgkode=barang.brgkode tglfaktur >= \'2023-05-01\' AND tglfaktur <=\'2023-05-31\' group by barang.brgnama,barang.brgkode ORDER BY barang.brgkode ASC')
 3 SYSTEMPATH\Database\BaseConnection.php(606): CodeIgniter\Database\BaseConnection->simpleQuery('SELECT barang.brgnama AS brgnama,barang.brgkode as brgkode,sum(detail_barangmasuk.detjml) as QTY FROM barangmasuk 
        LEFT JOIN detail_barangmasuk ON barangmasuk.faktur=detail_barangmasuk.detfaktur  LEFT JOIN barang on detail_barangmasuk.detbrgkode=barang.brgkode tglfaktur >= \'2023-05-01\' AND tglfaktur <=\'2023-05-31\' group by barang.brgnama,barang.brgkode ORDER BY barang.brgkode ASC')
 4 APPPATH\Controllers\Laporan.php(76): CodeIgniter\Database\BaseConnection->query('SELECT barang.brgnama AS brgnama,barang.brgkode as brgkode,sum(detail_barangmasuk.detjml) as QTY FROM barangmasuk 
        LEFT JOIN detail_barangmasuk ON barangmasuk.faktur=detail_barangmasuk.detfaktur  LEFT JOIN barang on detail_barangmasuk.detbrgkode=barang.brgkode tglfaktur >= \'2023-05-01\' AND tglfaktur <=\'2023-05-31\' group by barang.brgnama,barang.brgkode ORDER BY barang.brgkode ASC')
 5 SYSTEMPATH\CodeIgniter.php(934): App\Controllers\Laporan->cetak_barang_masuk_periode()
 6 SYSTEMPATH\CodeIgniter.php(499): CodeIgniter\CodeIgniter->runController(Object(App\Controllers\Laporan))
 7 SYSTEMPATH\CodeIgniter.php(368): CodeIgniter\CodeIgniter->handleRequest(null, Object(Config\Cache), false)
 8 FCPATH\index.php(67): CodeIgniter\CodeIgniter->run()
 9 SYSTEMPATH\Commands\Server\rewrite.php(47): require_once('D:\\Projek\\WebInvetoryCI4\\public\\index.php')
INFO - 2023-05-09 03:09:41 --> Session: Class initialized using 'CodeIgniter\Session\Handlers\FileHandler' driver.
